#
# There is insufficient memory for the Java Runtime Environment to continue.
# Native memory allocation (mmap) failed to map 190840832 bytes for G1 virtual space
# Possible reasons:
#   The system is out of physical RAM or swap space
#   The process is running with CompressedOops enabled, and the Java Heap may be blocking the growth of the native heap
# Possible solutions:
#   Reduce memory load on the system
#   Increase physical memory or swap space
#   Check if swap backing store is full
#   Decrease Java heap size (-Xmx/-Xms)
#   Decrease number of Java threads
#   Decrease Java thread stack sizes (-Xss)
#   Set larger code cache with -XX:ReservedCodeCacheSize=
#   JVM is running with Zero Based Compressed Oops mode in which the Java heap is
#     placed in the first 32GB address space. The Java Heap base address is the
#     maximum limit for the native heap growth. Please use -XX:HeapBaseMinAddress
#     to set the Java Heap base and to place the Java Heap above 32GB virtual address.
# This output file may be truncated or incomplete.
#
#  Out of Memory Error (os_windows.cpp:3550), pid=17144, tid=20636
#
# JRE version:  (17.0.7+8) (build )
# Java VM: Java HotSpot(TM) 64-Bit Server VM (17.0.7+8-LTS-224, mixed mode, sharing, tiered, compressed oops, compressed class ptrs, g1 gc, windows-amd64)
# No core dump will be written. Minidumps are not enabled by default on client versions of Windows
#

---------------  S U M M A R Y ------------

Command Line: -ea -Didea.test.cyclic.buffer.size=1048576 -javaagent:C:\Program Files\JetBrains\IntelliJ IDEA Community Edition 2022.3.1\lib\idea_rt.jar=52527:C:\Program Files\JetBrains\IntelliJ IDEA Community Edition 2022.3.1\bin -Dfile.encoding=UTF-8 com.intellij.rt.junit.JUnitStarter -ideVersion5 -junit5 com.myplace.authorizationserver.AuthorizationServerApplicationTests,contextLoads

Host: AMD Ryzen 3 5300U with Radeon Graphics         , 8 cores, 11G,  Windows 11 , 64 bit Build 22621 (10.0.22621.2506)
Time: Thu Jan 18 07:35:46 2024 Hora est. Pacífico, Sudamérica elapsed time: 0.022822 seconds (0d 0h 0m 0s)

---------------  T H R E A D  ---------------

Current thread (0x0000023e9246c7d0):  JavaThread "Unknown thread" [_thread_in_vm, id=20636, stack(0x000000ae61d00000,0x000000ae61e00000)]

Stack: [0x000000ae61d00000,0x000000ae61e00000]
Native frames: (J=compiled Java code, j=interpreted, Vv=VM code, C=native code)
V  [jvm.dll+0x676a4a]
V  [jvm.dll+0x7d74f4]
V  [jvm.dll+0x7d8c9e]
V  [jvm.dll+0x7d9303]
V  [jvm.dll+0x2452c5]
V  [jvm.dll+0x6738f9]
V  [jvm.dll+0x668232]
V  [jvm.dll+0x302826]
V  [jvm.dll+0x309da6]
V  [jvm.dll+0x35952e]
V  [jvm.dll+0x35975f]
V  [jvm.dll+0x2d9a38]
V  [jvm.dll+0x2da9a4]
V  [jvm.dll+0x7a8fb1]
V  [jvm.dll+0x3670e1]
V  [jvm.dll+0x788359]
V  [jvm.dll+0x3ea5ef]
V  [jvm.dll+0x3ec071]
C  [jli.dll+0x5297]
C  [ucrtbase.dll+0x29363]
C  [KERNEL32.DLL+0x1257d]
C  [ntdll.dll+0x5aa58]


---------------  P R O C E S S  ---------------

Threads class SMR info:
_java_thread_list=0x00007ff9d5df4998, length=0, elements={
}

Java Threads: ( => current thread )

Other Threads:
  0x0000023e924c1c50 GCTaskThread "GC Thread#0" [stack: 0x000000ae61e00000,0x000000ae61f00000] [id=20092]
  0x0000023e924ca950 ConcurrentGCThread "G1 Main Marker" [stack: 0x000000ae61f00000,0x000000ae62000000] [id=16080]
  0x0000023e9033eb20 ConcurrentGCThread "G1 Conc#0" [stack: 0x000000ae62000000,0x000000ae62100000] [id=13952]

[error occurred during error reporting (printing all threads), id 0xc0000005, EXCEPTION_ACCESS_VIOLATION (0xc0000005) at pc=0x00007ff9d562a697]

VM state: not at safepoint (not fully initialized)

VM Mutex/Monitor currently owned by a thread:  ([mutex/lock_event])
[0x0000023e924693a0] Heap_lock - owner thread: 0x0000023e9246c7d0

Heap address: 0x000000074ac00000, size: 2900 MB, Compressed Oops mode: Zero based, Oop shift amount: 3

CDS archive(s) mapped at: [0x0000000000000000-0x0000000000000000-0x0000000000000000), size 0, SharedBaseAddress: 0x0000000800000000, ArchiveRelocationMode: 0.
Narrow klass base: 0x0000000000000000, Narrow klass shift: 0, Narrow klass range: 0x0

GC Precious Log:
<Empty>

Heap:
 garbage-first heap   total 0K, used 0K [0x000000074ac00000, 0x0000000800000000)
  region size 2048K, 0 young (0K), 0 survivors (0K)

[error occurred during error reporting (printing heap information), id 0xc0000005, EXCEPTION_ACCESS_VIOLATION (0xc0000005) at pc=0x00007ff9d5a100b9]

GC Heap History (0 events):
No events

Deoptimization events (0 events):
No events

Classes unloaded (0 events):
No events

Classes redefined (0 events):
No events

Internal exceptions (0 events):
No events

VM Operations (0 events):
No events

Events (1 events):
Event: 0.016 Loaded shared library C:\Program Files\Java\jdk-17\bin\java.dll


Dynamic libraries:
0x00007ff714de0000 - 0x00007ff714df0000 	C:\Program Files\Java\jdk-17\bin\java.exe
0x00007ffa362b0000 - 0x00007ffa364c7000 	C:\WINDOWS\SYSTEM32\ntdll.dll
0x00007ffa34770000 - 0x00007ffa34834000 	C:\WINDOWS\System32\KERNEL32.DLL
0x00007ffa336b0000 - 0x00007ffa33a56000 	C:\WINDOWS\System32\KERNELBASE.dll
0x00007ffa33a60000 - 0x00007ffa33b71000 	C:\WINDOWS\System32\ucrtbase.dll
0x00007ff9f9820000 - 0x00007ff9f983b000 	C:\Program Files\Java\jdk-17\bin\VCRUNTIME140.dll
0x00007ff9f9ad0000 - 0x00007ff9f9ae9000 	C:\Program Files\Java\jdk-17\bin\jli.dll
0x00007ffa340f0000 - 0x00007ffa341a3000 	C:\WINDOWS\System32\ADVAPI32.dll
0x00007ffa353b0000 - 0x00007ffa35457000 	C:\WINDOWS\System32\msvcrt.dll
0x00007ffa35030000 - 0x00007ffa350d8000 	C:\WINDOWS\System32\sechost.dll
0x00007ffa33e40000 - 0x00007ffa33e68000 	C:\WINDOWS\System32\bcrypt.dll
0x00007ffa35100000 - 0x00007ffa35217000 	C:\WINDOWS\System32\RPCRT4.dll
0x00007ffa35860000 - 0x00007ffa35a0e000 	C:\WINDOWS\System32\USER32.dll
0x00007ffa33e10000 - 0x00007ffa33e36000 	C:\WINDOWS\System32\win32u.dll
0x00007ffa354a0000 - 0x00007ffa354c9000 	C:\WINDOWS\System32\GDI32.dll
0x00007ffa33b80000 - 0x00007ffa33c98000 	C:\WINDOWS\System32\gdi32full.dll
0x00007ffa33f60000 - 0x00007ffa33ffa000 	C:\WINDOWS\System32\msvcp_win.dll
0x00007ffa182c0000 - 0x00007ffa18553000 	C:\WINDOWS\WinSxS\amd64_microsoft.windows.common-controls_6595b64144ccf1df_6.0.22621.2506_none_270c5ae97388e100\COMCTL32.dll
0x00007ffa2bba0000 - 0x00007ffa2bbaa000 	C:\WINDOWS\SYSTEM32\VERSION.dll
0x00007ffa35460000 - 0x00007ffa35491000 	C:\WINDOWS\System32\IMM32.DLL
0x00007ffa16ee0000 - 0x00007ffa16eec000 	C:\Program Files\Java\jdk-17\bin\vcruntime140_1.dll
0x00007ff9f74b0000 - 0x00007ff9f753e000 	C:\Program Files\Java\jdk-17\bin\msvcp140.dll
0x00007ff9d5340000 - 0x00007ff9d5f1d000 	C:\Program Files\Java\jdk-17\bin\server\jvm.dll
0x00007ffa341b0000 - 0x00007ffa341b8000 	C:\WINDOWS\System32\PSAPI.DLL
0x00007ffa11200000 - 0x00007ffa11209000 	C:\WINDOWS\SYSTEM32\WSOCK32.dll
0x00007ffa2be50000 - 0x00007ffa2be84000 	C:\WINDOWS\SYSTEM32\WINMM.dll
0x00007ffa34000000 - 0x00007ffa34071000 	C:\WINDOWS\System32\WS2_32.dll
0x00007ffa32620000 - 0x00007ffa32638000 	C:\WINDOWS\SYSTEM32\kernel.appcore.dll
0x00007ffa16e90000 - 0x00007ffa16e9a000 	C:\Program Files\Java\jdk-17\bin\jimage.dll
0x00007ffa21660000 - 0x00007ffa21893000 	C:\WINDOWS\SYSTEM32\DBGHELP.DLL
0x00007ffa354d0000 - 0x00007ffa35859000 	C:\WINDOWS\System32\combase.dll
0x00007ffa344f0000 - 0x00007ffa345c7000 	C:\WINDOWS\System32\OLEAUT32.dll
0x00007ffa18d20000 - 0x00007ffa18d52000 	C:\WINDOWS\SYSTEM32\dbgcore.DLL
0x00007ffa33ee0000 - 0x00007ffa33f5a000 	C:\WINDOWS\System32\bcryptPrimitives.dll
0x00007ffa2d510000 - 0x00007ffa2d51e000 	C:\Program Files\Java\jdk-17\bin\instrument.dll
0x00007ff9f7480000 - 0x00007ff9f74a5000 	C:\Program Files\Java\jdk-17\bin\java.dll

dbghelp: loaded successfully - version: 4.0.5 - missing functions: none
symbol engine: initialized successfully - sym options: 0x614 - pdb path: .;C:\Program Files\Java\jdk-17\bin;C:\WINDOWS\SYSTEM32;C:\WINDOWS\WinSxS\amd64_microsoft.windows.common-controls_6595b64144ccf1df_6.0.22621.2506_none_270c5ae97388e100;C:\Program Files\Java\jdk-17\bin\server

VM Arguments:
jvm_args: -ea -Didea.test.cyclic.buffer.size=1048576 -javaagent:C:\Program Files\JetBrains\IntelliJ IDEA Community Edition 2022.3.1\lib\idea_rt.jar=52527:C:\Program Files\JetBrains\IntelliJ IDEA Community Edition 2022.3.1\bin -Dfile.encoding=UTF-8 
java_command: com.intellij.rt.junit.JUnitStarter -ideVersion5 -junit5 com.myplace.authorizationserver.AuthorizationServerApplicationTests,contextLoads
java_class_path (initial): C:\Users\dnate\.m2\repository\org\junit\platform\junit-platform-launcher\1.9.3\junit-platform-launcher-1.9.3.jar;C:\Program Files\JetBrains\IntelliJ IDEA Community Edition 2022.3.1\lib\idea_rt.jar;C:\Program Files\JetBrains\IntelliJ IDEA Community Edition 2022.3.1\plugins\junit\lib\junit5-rt.jar;C:\Program Files\JetBrains\IntelliJ IDEA Community Edition 2022.3.1\plugins\junit\lib\junit-rt.jar;C:\Users\dnate\Desktop\AnotherAttempt\authorization-server\target\test-classes;C:\Users\dnate\Desktop\AnotherAttempt\authorization-server\target\classes;C:\Users\dnate\.m2\repository\org\springframework\boot\spring-boot-starter-data-jpa\3.1.7\spring-boot-starter-data-jpa-3.1.7.jar;C:\Users\dnate\.m2\repository\org\springframework\boot\spring-boot-starter-aop\3.1.7\spring-boot-starter-aop-3.1.7.jar;C:\Users\dnate\.m2\repository\org\aspectj\aspectjweaver\1.9.21\aspectjweaver-1.9.21.jar;C:\Users\dnate\.m2\repository\org\springframework\boot\spring-boot-starter-jdbc\3.1.7\spring-boot-starter-jdbc-3.1.7.jar;C:\Users\dnate\.m2\repository\com\zaxxer\HikariCP\5.0.1\HikariCP-5.0.1.jar;C:\Users\dnate\.m2\repository\org\springframework\spring-jdbc\6.0.15\spring-jdbc-6.0.15.jar;C:\Users\dnate\.m2\repository\org\hibernate\orm\hibernate-core\6.2.17.Final\hibernate-core-6.2.17.Final.jar;C:\Users\dnate\.m2\repository\jakarta\persistence\jakarta.persistence-api\3.1.0\jakarta.persistence-api-3.1.0.jar;C:\Users\dnate\.m2\repository\jakarta\transaction\jakarta.transaction-api\2.0.1\jakarta.transaction-api-2.0.1.jar;C:\Users\dnate\.m2\repository\org\jboss\logging\jboss-logging\3.5.3.Final\jboss-logging-3.5.3.Final.jar;C:\Users\dnate\.m2\repository\org\hibernate\common\hibernate-commons-annotations\6.0.6.Final\hibernate-commons-annotations-6.0.6.Final.jar;C:\Users\dnate\.m2\repository\io\smallrye\jandex\3.0.5\jandex-3.0.5.jar;C:\Users\dnate\.m2\repository\com\fasterxml\classmate\1.5.1\classmate-1.5.1.jar;C:\Users\dnate\.m2\repository\net\bytebuddy\byte-buddy\1.14.10\byte
Launcher Type: SUN_STANDARD

[Global flags]
     intx CICompilerCount                          = 4                                         {product} {ergonomic}
     uint ConcGCThreads                            = 2                                         {product} {ergonomic}
     uint G1ConcRefinementThreads                  = 8                                         {product} {ergonomic}
   size_t G1HeapRegionSize                         = 2097152                                   {product} {ergonomic}
    uintx GCDrainStackTargetSize                   = 64                                        {product} {ergonomic}
   size_t InitialHeapSize                          = 190840832                                 {product} {ergonomic}
   size_t MarkStackSize                            = 4194304                                   {product} {ergonomic}
   size_t MaxHeapSize                              = 3040870400                                {product} {ergonomic}
   size_t MinHeapDeltaBytes                        = 2097152                                   {product} {ergonomic}
   size_t MinHeapSize                              = 8388608                                   {product} {ergonomic}
    uintx NonNMethodCodeHeapSize                   = 5839372                                {pd product} {ergonomic}
    uintx NonProfiledCodeHeapSize                  = 122909434                              {pd product} {ergonomic}
    uintx ProfiledCodeHeapSize                     = 122909434                              {pd product} {ergonomic}
    uintx ReservedCodeCacheSize                    = 251658240                              {pd product} {ergonomic}
     bool SegmentedCodeCache                       = true                                      {product} {ergonomic}
   size_t SoftMaxHeapSize                          = 3040870400                             {manageable} {ergonomic}
     bool UseCompressedClassPointers               = true                           {product lp64_product} {ergonomic}
     bool UseCompressedOops                        = true                           {product lp64_product} {ergonomic}
     bool UseG1GC                                  = true                                      {product} {ergonomic}
     bool UseLargePagesIndividualAllocation        = false                                  {pd product} {ergonomic}

Logging:
Log output configuration:
 #0: stdout all=warning uptime,level,tags
 #1: stderr all=off uptime,level,tags

Environment Variables:
JAVA_HOME=C:\Program Files\Java\jdk-17
PATH=C:\Program Files (x86)\VMware\VMware Player\bin\;C:\Program Files\Common Files\Oracle\Java\javapath;C:\Users\dnate\AppData\Local\Programs\Python\Python39\Scripts;C:\WINDOWS\system32;C:\WINDOWS;C:\WINDOWS\System32\Wbem;C:\WINDOWS\System32\WindowsPowerShell\v1.0\;C:\WINDOWS\System32\OpenSSH\;C:\mingw64\bin;C:\Program Files\Git\cmd;C:\Users\dnate\AppData\Local\Packages\PythonSoftwareFoundation.Python.3.10_qbz5n2kfra8p0\LocalCache\local-packages\Python310\site-packages;C:\Program Files\nodejs\;C:\Program Files\Java\jdk1.8.0_202;C:\Program Files\MongoDB\Server\6.0\bin;;;C:\minikube;C:\Program Files\Docker\Docker\resources\bin;C:\Program Files\Kubernetes\Minikube;C:\Program Files\MySQL\MySQL Shell 8.0\bin\;C:\Users\dnate\AppData\Local\Programs\Python\Python39;C:\Users\dnate\AppData\Local\Programs\Python\Python39\Scripts;C:\Users\dnate\AppData\Local\Microsoft\WindowsApps;C:\Users\dnate\AppData\Local\Programs\Microsoft VS Code\bin;C:\Program Files\JetBrains\IntelliJ IDEA Community Edition 2022.3.1\bin;;C:\Users\dnate\AppData\Local\Packages\PythonSoftwareFoundation.Python.3.10_qbz5n2kfra8p0\LocalCache\local-packages\Python310\site-packages;C:\Users\dnate\AppData\Roaming\npm;C:\Program Files\MongoDB\Server\6.0\bin;
USERNAME=dnate
OS=Windows_NT
PROCESSOR_IDENTIFIER=AMD64 Family 23 Model 104 Stepping 1, AuthenticAMD



---------------  S Y S T E M  ---------------

OS:
 Windows 11 , 64 bit Build 22621 (10.0.22621.2506)
OS uptime: 0 days 17:12 hours
Hyper-V role detected

CPU: total 8 (initial active 8) (8 cores per cpu, 2 threads per core) family 23 model 104 stepping 1 microcode 0x0, cx8, cmov, fxsr, ht, mmx, 3dnowpref, sse, sse2, sse3, ssse3, sse4a, sse4.1, sse4.2, popcnt, lzcnt, tsc, tscinvbit, avx, avx2, aes, clmul, bmi1, bmi2, adx, sha, fma, vzeroupper, clflush, clflushopt, hv

Memory: 4k page, system-wide physical 11598M (462M free)
TotalPageFile size 42006M (AvailPageFile size 30M)
current process WorkingSet (physical memory assigned to process): 11M, peak: 11M
current process commit charge ("private bytes"): 60M, peak: 242M

vm_info: Java HotSpot(TM) 64-Bit Server VM (17.0.7+8-LTS-224) for windows-amd64 JRE (17.0.7+8-LTS-224), built on Feb 28 2023 23:03:02 by "mach5one" with MS VC++ 17.1 (VS2022)

END.
